Performing C SOURCE FILE Test CMAKE_HAVE_LIBC_PTHREAD failed with the following output:
Change Dir: /home/raf/Programming/cs393r/projects/cs393r_starter/build/CMakeFiles/CMakeTmp

Run Build Command(s):/usr/bin/make cmTC_f9aa0/fast && /usr/bin/make -f CMakeFiles/cmTC_f9aa0.dir/build.make CMakeFiles/cmTC_f9aa0.dir/build
make[1]: Entering directory '/home/raf/Programming/cs393r/projects/cs393r_starter/build/CMakeFiles/CMakeTmp'
Building C object CMakeFiles/cmTC_f9aa0.dir/src.c.o
/usr/bin/gcc   -DCMAKE_HAVE_LIBC_PTHREAD   -o CMakeFiles/cmTC_f9aa0.dir/src.c.o   -c /home/raf/Programming/cs393r/projects/cs393r_starter/build/CMakeFiles/CMakeTmp/src.c
Linking C executable cmTC_f9aa0
/usr/bin/cmake -E cmake_link_script CMakeFiles/cmTC_f9aa0.dir/link.txt --verbose=1
/usr/bin/gcc  -DCMAKE_HAVE_LIBC_PTHREAD    -rdynamic CMakeFiles/cmTC_f9aa0.dir/src.c.o  -o cmTC_f9aa0 
/usr/bin/ld: CMakeFiles/cmTC_f9aa0.dir/src.c.o: in function `main':
src.c:(.text+0x46): undefined reference to `pthread_create'
/usr/bin/ld: src.c:(.text+0x52): undefined reference to `pthread_detach'
/usr/bin/ld: src.c:(.text+0x63): undefined reference to `pthread_join'
collect2: error: ld returned 1 exit status
make[1]: *** [CMakeFiles/cmTC_f9aa0.dir/build.make:87: cmTC_f9aa0] Error 1
make[1]: Leaving directory '/home/raf/Programming/cs393r/projects/cs393r_starter/build/CMakeFiles/CMakeTmp'
make: *** [Makefile:121: cmTC_f9aa0/fast] Error 2


Source file was:
#include <pthread.h>

void* test_func(void* data)
{
  return data;
}

int main(void)
{
  pthread_t thread;
  pthread_create(&thread, NULL, test_func, NULL);
  pthread_detach(thread);
  pthread_join(thread, NULL);
  pthread_atfork(NULL, NULL, NULL);
  pthread_exit(NULL);

  return 0;
}

Determining if the function pthread_create exists in the pthreads failed with the following output:
Change Dir: /home/raf/Programming/cs393r/projects/cs393r_starter/build/CMakeFiles/CMakeTmp

Run Build Command(s):/usr/bin/make cmTC_116ba/fast && /usr/bin/make -f CMakeFiles/cmTC_116ba.dir/build.make CMakeFiles/cmTC_116ba.dir/build
make[1]: Entering directory '/home/raf/Programming/cs393r/projects/cs393r_starter/build/CMakeFiles/CMakeTmp'
Building C object CMakeFiles/cmTC_116ba.dir/CheckFunctionExists.c.o
/usr/bin/gcc   -DCHECK_FUNCTION_EXISTS=pthread_create   -o CMakeFiles/cmTC_116ba.dir/CheckFunctionExists.c.o   -c /usr/share/cmake-3.16/Modules/CheckFunctionExists.c
Linking C executable cmTC_116ba
/usr/bin/cmake -E cmake_link_script CMakeFiles/cmTC_116ba.dir/link.txt --verbose=1
/usr/bin/gcc  -DCHECK_FUNCTION_EXISTS=pthread_create    -rdynamic CMakeFiles/cmTC_116ba.dir/CheckFunctionExists.c.o  -o cmTC_116ba  -lpthreads 
/usr/bin/ld: cannot find -lpthreads
collect2: error: ld returned 1 exit status
make[1]: *** [CMakeFiles/cmTC_116ba.dir/build.make:87: cmTC_116ba] Error 1
make[1]: Leaving directory '/home/raf/Programming/cs393r/projects/cs393r_starter/build/CMakeFiles/CMakeTmp'
make: *** [Makefile:121: cmTC_116ba/fast] Error 2



